<?xml version="1.0" encoding="utf-8" ?>


<!DOCTYPE html>


<a />


<?xml version="1.0" encoding="utf-8" ?>
<!DOCTYPE html>
<b />
<?xml version="1.0" encoding="utf-8" ?>
<!DOCTYPE html>
<c />
<?xml version="1.0" encoding="utf-8" ?>
<!DOCTYPE html>
<d />
<?xml version="1.0" encoding="utf-8" ?>
<!DOCTYPE html>
<e:e />