<root level="0" xmlns:a="http://localhost">
	<element level="1">
		<element level="2">
			<element level="3">
				<element a:id="a:id-value&amp;" id="id-value" level="4" />
			</element>
		</element>
	</element>
</root>